<?xml version="1.0" encoding="UTF-8"?>
<!-- Generated by org.testng.reporters.JUnitXMLReporter -->
<testsuite hostname="AQMIT-DSK-10257" ignored="0" name="Test" tests="3" failures="0" timestamp="2022-09-01T12:18:17 IST" time="0.078" errors="0">
  <testcase name="@BeforeTest beforeTest" time="-1.662014897194E9" classname="Helper.BaseClass">
    <failure type="org.testng.TestNGException" message="
Parameter &amp;apos;browser&amp;apos; is required by BeforeTest on method beforeTest but has not been marked @Optional or defined
in D:\Shantanu_Practice\abs\testng.xml">
      <![CDATA[org.testng.TestNGException: 
Parameter 'browser' is required by BeforeTest on method beforeTest but has not been marked @Optional or defined
in D:\Shantanu_Practice\abs\testng.xml
... Removed 21 stack frames]]>
    </failure>
  </testcase> <!-- @BeforeTest beforeTest -->
  <testcase name="@AfterTest afterTest" time="-1.662014897256E9" classname="Helper.BaseClass">
    <skipped/>
  </testcase> <!-- @AfterTest afterTest -->
  <testcase name="f" time="0.0" classname="Day1.First">
    <skipped/>
  </testcase> <!-- f -->
  <testcase name="f" time="0.0" classname="Day1.First">
    <skipped/>
  </testcase> <!-- f -->
  <testcase name="f" time="0.0" classname="Day1.First">
    <skipped/>
  </testcase> <!-- f -->
</testsuite> <!-- Test -->
